<?xml version="1.0" encoding="UTF-8"?>
<!-- Generated by org.testng.reporters.JUnitXMLReporter -->
<testsuite ignored="0" hostname="DESKTOP-IIN7I9N" failures="2" tests="7" name="Surefire test" time="84.938" errors="0" timestamp="2026-03-26T17:02:49 IST">
  <testcase classname="io.cucumber.testng.AbstractTestNGCucumberTests" name="runScenario" time="10.061">
    <failure type="io.cucumber.testng.UndefinedStepException" message="The step &amp;apos;I add product ZARA COAT 3 from cart&amp;apos; is undefined.
You can implement this step using the snippet(s) below:

@When(&amp;quot;I add product ZARA COAT {int} from cart&amp;quot;)
public void i_add_product_zara_coat_from_cart(Integer int1) {
    // Write code here that turns the phrase above into concrete actions
    throw new io.cucumber.java.PendingException();
}
">
      <![CDATA[io.cucumber.testng.UndefinedStepException: The step 'I add product ZARA COAT 3 from cart' is undefined.
You can implement this step using the snippet(s) below:

@When("I add product ZARA COAT {int} from cart")
public void i_add_product_zara_coat_from_cart(Integer int1) {
    // Write code here that turns the phrase above into concrete actions
    throw new io.cucumber.java.PendingException();
}

at ✽.I add product ZARA COAT 3 from cart(file:///C:/Users/acer/eclipse-workspace/SeleniumFrameworkDesign/src/test/java/cucumber/SubmitOrder.feature:10)
]]>
    </failure>
  </testcase> <!-- runScenario -->
  <testcase classname="rahulshetty.tests.ErrorValidationsTest" name="loginErrorValidation" time="2.388"/>
  <testcase classname="rahulshetty.tests.ErrorValidationsTest" name="productErrorValidation" time="11.144"/>
  <testcase classname="rahulshetty.tests.SubmitOrderTest" name="submitorder" time="1.03">
    <failure type="org.testng.internal.reflect.MethodMatcherException" message="
[public void rahulshetty.tests.SubmitOrderTest.submitorder(java.lang.String,java.lang.String,java.lang.String) throws java.io.IOException,java.lang.InterruptedException] has no parameters defined but was found to be using a data provider (either explicitly specified or inherited from class level annotation).
Data provider mismatch
Method: submitorder([java.lang.String arg0, java.lang.String arg1, java.lang.String arg2])
Arguments: [(java.util.HashMap) {prod=ZARA COAT 3, pass=Password@123, email=ekanthrajan@gmail.com}]">
      <![CDATA[org.testng.internal.reflect.MethodMatcherException: 
[public void rahulshetty.tests.SubmitOrderTest.submitorder(java.lang.String,java.lang.String,java.lang.String) throws java.io.IOException,java.lang.InterruptedException] has no parameters defined but was found to be using a data provider (either explicitly specified or inherited from class level annotation).
Data provider mismatch
Method: submitorder([java.lang.String arg0, java.lang.String arg1, java.lang.String arg2])
Arguments: [(java.util.HashMap) {prod=ZARA COAT 3, pass=Password@123, email=ekanthrajan@gmail.com}]
at java.base/java.util.ArrayList.forEach(ArrayList.java:1596)
... Removed 27 stack frames]]>
    </failure>
  </testcase> <!-- submitorder -->
  <testcase classname="rahulshetty.tests.SubmitOrderTest" name="submitordermap" time="13.757"/>
  <testcase classname="rahulshetty.tests.SubmitOrderTest" name="submitordermap" time="8.961"/>
  <testcase classname="rahulshetty.tests.SubmitOrderTest" name="orderHistoryTest" time="0.0">
    <skipped/>
  </testcase> <!-- orderHistoryTest -->
</testsuite> <!-- Surefire test -->
