<?xml version="1.0" encoding="UTF-8"?>
<!-- Generated by org.testng.reporters.JUnitXMLReporter -->
<testsuite ignored="2" hostname="DESKTOP-IIN7I9N" failures="0" tests="2" name="Submit Order Test" time="24.896" errors="0" timestamp="2026-03-26T16:34:38 IST">
  <testcase classname="rahulshetty.tests.SubmitOrderTest" name="submitordermap" time="7.867"/>
  <testcase classname="rahulshetty.tests.SubmitOrderTest" name="submitordermap" time="8.088"/>
  <testcase classname="rahulshetty.tests.SubmitOrderTest" name="orderHistoryTest" time="0.0">
    <ignored/>
  </testcase> <!-- orderHistoryTest -->
  <testcase classname="rahulshetty.tests.SubmitOrderTest" name="submitorder" time="0.0">
    <ignored/>
  </testcase> <!-- submitorder -->
</testsuite> <!-- Submit Order Test -->
