<?xml version="1.0" encoding="UTF-8"?>
<!-- Generated by org.testng.reporters.JUnitXMLReporter -->
<testsuite ignored="0" hostname="DESKTOP-IIN7I9N" failures="0" tests="2" name="Error Validation Test" time="0.31" errors="0" timestamp="2026-03-26T19:41:38 IST">
  <testcase classname="rahulshetty.tests.ErrorValidationsTest" name="loginErrorValidation" time="0.001">
    <skipped/>
  </testcase> <!-- loginErrorValidation -->
  <testcase classname="rahulshetty.tests.ErrorValidationsTest" name="productErrorValidation" time="0.001">
    <skipped/>
  </testcase> <!-- productErrorValidation -->
</testsuite> <!-- Error Validation Test -->
