<?xml version="1.0" encoding="UTF-8"?>
<testng-results ignored="0" total="4" passed="2" failed="1" skipped="1">
  <reporter-output>
  </reporter-output>
  <suite started-at="2026-03-28T17:39:35 IST" name="Default suite" finished-at="2026-03-28T17:40:04 IST" duration-ms="28255">
    <groups>
      <group name="Purchase">
        <method signature="SubmitOrderTest.submitorder(java.lang.String,java.lang.String,java.lang.String)[pri:0, instance:rahulshetty.tests.SubmitOrderTest@477b4cdf]" name="submitorder" class="rahulshetty.tests.SubmitOrderTest"/>
      </group> <!-- Purchase -->
      <group name="PurchaseMap">
        <method signature="SubmitOrderTest.submitordermap(java.util.HashMap)[pri:0, instance:rahulshetty.tests.SubmitOrderTest@477b4cdf]" name="submitordermap" class="rahulshetty.tests.SubmitOrderTest"/>
      </group> <!-- PurchaseMap -->
    </groups>
    <test started-at="2026-03-28T17:39:35 IST" name="Default test" finished-at="2026-03-28T17:40:04 IST" duration-ms="28255">
      <class name="rahulshetty.tests.SubmitOrderTest">
        <test-method signature="submitorder(java.lang.String,java.lang.String,java.lang.String)[pri:0, instance:rahulshetty.tests.SubmitOrderTest@477b4cdf]" started-at="2026-03-28T17:39:36 IST" name="submitorder" data-provider="getData" finished-at="2026-03-28T17:39:36 IST" duration-ms="754" status="FAIL">
          <exception class="org.testng.internal.reflect.MethodMatcherException">
            <message>
              <![CDATA[
[public void rahulshetty.tests.SubmitOrderTest.submitorder(java.lang.String,java.lang.String,java.lang.String) throws java.io.IOException,java.lang.InterruptedException] has no parameters defined but was found to be using a data provider (either explicitly specified or inherited from class level annotation).
Data provider mismatch
Method: submitorder([java.lang.String arg0, java.lang.String arg1, java.lang.String arg2])
Arguments: [(java.util.HashMap) {prod=ZARA COAT 3, pass=Password@123, email=ekanthrajan@gmail.com}]]]>
            </message>
            <full-stacktrace>
              <![CDATA[org.testng.internal.reflect.MethodMatcherException: 
[public void rahulshetty.tests.SubmitOrderTest.submitorder(java.lang.String,java.lang.String,java.lang.String) throws java.io.IOException,java.lang.InterruptedException] has no parameters defined but was found to be using a data provider (either explicitly specified or inherited from class level annotation).
Data provider mismatch
Method: submitorder([java.lang.String arg0, java.lang.String arg1, java.lang.String arg2])
Arguments: [(java.util.HashMap) {prod=ZARA COAT 3, pass=Password@123, email=ekanthrajan@gmail.com}]
at org.testng.internal.reflect.DataProviderMethodMatcher.getConformingArguments(DataProviderMethodMatcher.java:46)
at org.testng.internal.Parameters.injectParameters(Parameters.java:915)
at org.testng.internal.invokers.MethodRunner.runInSequence(MethodRunner.java:50)
at org.testng.internal.invokers.TestInvoker$MethodInvocationAgent.invoke(TestInvoker.java:1005)
at org.testng.internal.invokers.TestInvoker.invokeTestMethods(TestInvoker.java:203)
at org.testng.internal.invokers.TestMethodWorker.invokeTestMethods(TestMethodWorker.java:154)
at org.testng.internal.invokers.TestMethodWorker.run(TestMethodWorker.java:134)
at java.base/java.util.ArrayList.forEach(ArrayList.java:1596)
at org.testng.TestRunner.privateRun(TestRunner.java:744)
at org.testng.TestRunner.run(TestRunner.java:616)
at org.testng.SuiteRunner.runTest(SuiteRunner.java:421)
at org.testng.SuiteRunner.runSequentially(SuiteRunner.java:413)
at org.testng.SuiteRunner.privateRun(SuiteRunner.java:373)
at org.testng.SuiteRunner.run(SuiteRunner.java:312)
at org.testng.SuiteRunnerWorker.runSuite(SuiteRunnerWorker.java:52)
at org.testng.SuiteRunnerWorker.run(SuiteRunnerWorker.java:95)
at org.testng.TestNG.runSuitesSequentially(TestNG.java:1274)
at org.testng.TestNG.runSuitesLocally(TestNG.java:1208)
at org.testng.TestNG.runSuites(TestNG.java:1112)
at org.testng.TestNG.run(TestNG.java:1079)
at org.testng.remote.AbstractRemoteTestNG.run(AbstractRemoteTestNG.java:115)
at org.testng.remote.RemoteTestNG.initAndRun(RemoteTestNG.java:293)
at org.testng.remote.RemoteTestNG.main(RemoteTestNG.java:91)
]]>
            </full-stacktrace>
          </exception> <!-- org.testng.internal.reflect.MethodMatcherException -->
          <reporter-output>
          </reporter-output>
        </test-method> <!-- submitorder -->
        <test-method is-config="true" signature="launchApplication()[pri:0, instance:rahulshetty.tests.SubmitOrderTest@477b4cdf]" started-at="2026-03-28T17:39:36 IST" name="launchApplication" finished-at="2026-03-28T17:39:43 IST" duration-ms="6937" status="PASS">
          <reporter-output>
          </reporter-output>
        </test-method> <!-- launchApplication -->
        <test-method signature="submitordermap(java.util.HashMap)[pri:0, instance:rahulshetty.tests.SubmitOrderTest@477b4cdf]" started-at="2026-03-28T17:39:43 IST" name="submitordermap" data-provider="getData" finished-at="2026-03-28T17:39:50 IST" duration-ms="6878" status="PASS">
          <params>
            <param index="0">
              <value>
                <![CDATA[{pass=Password@123, email=ekanthrajan@gmail.com, prod=ZARA COAT 3}]]>
              </value>
            </param>
          </params>
          <reporter-output>
          </reporter-output>
        </test-method> <!-- submitordermap -->
        <test-method is-config="true" signature="afterMethod()[pri:0, instance:rahulshetty.tests.SubmitOrderTest@477b4cdf]" started-at="2026-03-28T17:39:50 IST" name="afterMethod" finished-at="2026-03-28T17:39:51 IST" duration-ms="1149" status="PASS">
          <reporter-output>
          </reporter-output>
        </test-method> <!-- afterMethod -->
        <test-method is-config="true" signature="launchApplication()[pri:0, instance:rahulshetty.tests.SubmitOrderTest@477b4cdf]" started-at="2026-03-28T17:39:51 IST" name="launchApplication" finished-at="2026-03-28T17:39:56 IST" duration-ms="4802" status="PASS">
          <reporter-output>
          </reporter-output>
        </test-method> <!-- launchApplication -->
        <test-method signature="submitordermap(java.util.HashMap)[pri:0, instance:rahulshetty.tests.SubmitOrderTest@477b4cdf]" started-at="2026-03-28T17:39:56 IST" name="submitordermap" data-provider="getData" finished-at="2026-03-28T17:40:03 IST" duration-ms="6684" status="PASS">
          <params>
            <param index="0">
              <value>
                <![CDATA[{pass=Password@123, email=ekanthautomation@gmail.com, prod=ADIDAS ORIGINAL}]]>
              </value>
            </param>
          </params>
          <reporter-output>
          </reporter-output>
        </test-method> <!-- submitordermap -->
        <test-method is-config="true" signature="afterMethod()[pri:0, instance:rahulshetty.tests.SubmitOrderTest@477b4cdf]" started-at="2026-03-28T17:40:03 IST" name="afterMethod" finished-at="2026-03-28T17:40:04 IST" duration-ms="898" status="PASS">
          <reporter-output>
          </reporter-output>
        </test-method> <!-- afterMethod -->
        <test-method signature="orderHistoryTest()[pri:0, instance:rahulshetty.tests.SubmitOrderTest@477b4cdf]" started-at="2026-03-28T17:40:04 IST" name="orderHistoryTest" finished-at="2026-03-28T17:40:04 IST" depends-on-methods="rahulshetty.tests.SubmitOrderTest.submitorder" duration-ms="0" status="SKIP">
          <exception class="java.lang.Throwable">
            <message>
              <![CDATA[Method rahulshetty.tests.SubmitOrderTest.orderHistoryTest() on instance rahulshetty.tests.SubmitOrderTest@477b4cdf depends on not successfully finished methods 
[rahulshetty.tests.SubmitOrderTest.submitorder() on instance rahulshetty.tests.SubmitOrderTest@477b4cdf]]]>
            </message>
            <full-stacktrace>
              <![CDATA[java.lang.Throwable: Method rahulshetty.tests.SubmitOrderTest.orderHistoryTest() on instance rahulshetty.tests.SubmitOrderTest@477b4cdf depends on not successfully finished methods 
[rahulshetty.tests.SubmitOrderTest.submitorder() on instance rahulshetty.tests.SubmitOrderTest@477b4cdf]
at org.testng.internal.invokers.TestInvoker.invokeTestMethods(TestInvoker.java:159)
at org.testng.internal.invokers.TestMethodWorker.invokeTestMethods(TestMethodWorker.java:154)
at org.testng.internal.invokers.TestMethodWorker.run(TestMethodWorker.java:134)
at java.base/java.util.ArrayList.forEach(ArrayList.java:1596)
at org.testng.TestRunner.privateRun(TestRunner.java:744)
at org.testng.TestRunner.run(TestRunner.java:616)
at org.testng.SuiteRunner.runTest(SuiteRunner.java:421)
at org.testng.SuiteRunner.runSequentially(SuiteRunner.java:413)
at org.testng.SuiteRunner.privateRun(SuiteRunner.java:373)
at org.testng.SuiteRunner.run(SuiteRunner.java:312)
at org.testng.SuiteRunnerWorker.runSuite(SuiteRunnerWorker.java:52)
at org.testng.SuiteRunnerWorker.run(SuiteRunnerWorker.java:95)
at org.testng.TestNG.runSuitesSequentially(TestNG.java:1274)
at org.testng.TestNG.runSuitesLocally(TestNG.java:1208)
at org.testng.TestNG.runSuites(TestNG.java:1112)
at org.testng.TestNG.run(TestNG.java:1079)
at org.testng.remote.AbstractRemoteTestNG.run(AbstractRemoteTestNG.java:115)
at org.testng.remote.RemoteTestNG.initAndRun(RemoteTestNG.java:293)
at org.testng.remote.RemoteTestNG.main(RemoteTestNG.java:91)
]]>
            </full-stacktrace>
          </exception> <!-- java.lang.Throwable -->
          <reporter-output>
          </reporter-output>
        </test-method> <!-- orderHistoryTest -->
      </class> <!-- rahulshetty.tests.SubmitOrderTest -->
    </test> <!-- Default test -->
  </suite> <!-- Default suite -->
</testng-results>
