<?xml version="1.0" encoding="UTF-8"?>
<!-- Generated by org.testng.reporters.JUnitReportReporter -->
<testsuite hostname="DESKTOP-IIN7I9N" failures="0" tests="2" name="rahulshetty.tests.ErrorValidationsTest" time="25.272" errors="0" timestamp="2026-03-28T17:38:23 IST" skipped="0">
  <testcase classname="rahulshetty.tests.ErrorValidationsTest" name="productErrorValidation" time="14.110"/>
  <testcase classname="rahulshetty.tests.ErrorValidationsTest" name="loginErrorValidation" time="11.162"/>
</testsuite> <!-- rahulshetty.tests.ErrorValidationsTest -->
