<?xml version="1.0" encoding="UTF-8"?>
<!-- Generated by org.testng.reporters.JUnitReportReporter -->
<testsuite hostname="DESKTOP-IIN7I9N" failures="0" tests="1" name="cucumber.TestNGTestRunner" time="10.061" errors="1" timestamp="2026-03-26T17:02:49 IST" skipped="0">
  <testcase classname="cucumber.TestNGTestRunner" name="runScenario" time="10.061">
    <error message="The step &#039;I add product ZARA COAT 3 from cart&#039; is undefined.
You can implement this step using the snippet(s) below:

@When(&quot;I add product ZARA COAT {int} from cart&quot;)
public void i_add_product_zara_coat_from_cart(Integer int1) {
    // Write code here that turns the phrase above into concrete actions
    throw new io.cucumber.java.PendingException();
}
" type="io.cucumber.testng.UndefinedStepException">
      <![CDATA[io.cucumber.testng.UndefinedStepException: The step 'I add product ZARA COAT 3 from cart' is undefined.
You can implement this step using the snippet(s) below:

@When("I add product ZARA COAT {int} from cart")
public void i_add_product_zara_coat_from_cart(Integer int1) {
    // Write code here that turns the phrase above into concrete actions
    throw new io.cucumber.java.PendingException();
}

at ✽.I add product ZARA COAT 3 from cart(file:///C:/Users/acer/eclipse-workspace/SeleniumFrameworkDesign/src/test/java/cucumber/SubmitOrder.feature:10)
]]>
    </error>
  </testcase> <!-- runScenario -->
</testsuite> <!-- cucumber.TestNGTestRunner -->
